<?xml version="1.0" encoding="UTF-8"?>
<!-- Generated by org.testng.reporters.JUnitXMLReporter -->
<testsuite ignored="0" hostname="DESKTOP-S858PR4" failures="0" tests="4" name="Default test" time="0.092" errors="0" timestamp="2024-02-16T08:57:17 IST">
  <testcase classname="com.testng.project.Timeout" name="Browser_launch" time="0.012"/>
  <testcase classname="com.testng.project.Timeout" name="login" time="0.006"/>
  <testcase classname="com.testng.project.Timeout" name="orderconfirm" time="0.002"/>
  <testcase classname="com.testng.project.Timeout" name="searchproduct" time="0.002"/>
</testsuite> <!-- Default test -->
